{
  "RSpec": {
    "coverage": {
      "/Users/ted/Sites/ticketee/app/models/user.rb": [
        1,
        null,
        null,
        null,
        1,
        null,
        null,
        null,
        null,
        1,
        null,
        null
      ],
      "/Users/ted/Sites/ticketee/app/controllers/application_controller.rb": [
        1,
        1,
        null,
        1,
        1,
        13,
        13,
        6,
        6,
        null,
        null,
        null
      ],
      "/Users/ted/Sites/ticketee/app/helpers/application_helper.rb": [
        1,
        1,
        19,
        19,
        19,
        null,
        null,
        null,
        1,
        54,
        null,
        null
      ],
      "/Users/ted/Sites/ticketee/app/helpers/admin/users_helper.rb": [
        1,
        null
      ],
      "/Users/ted/Sites/ticketee/app/helpers/projects_helper.rb": [
        1,
        null
      ],
      "/Users/ted/Sites/ticketee/app/helpers/tickets_helper.rb": [
        1,
        null
      ],
      "/Users/ted/Sites/ticketee/app/controllers/admin/base_controller.rb": [
        1,
        1,
        null
      ],
      "/Users/ted/Sites/ticketee/app/controllers/admin/users_controller.rb": [
        1,
        1,
        null,
        null
      ],
      "/Users/ted/Sites/ticketee/app/controllers/projects_controller.rb": [
        1,
        1,
        1,
        null,
        null,
        null,
        1,
        35,
        null,
        1,
        2,
        null,
        1,
        2,
        2,
        1,
        1,
        null,
        1,
        1,
        null,
        null,
        1,
        19,
        null,
        1,
        1,
        null,
        1,
        1,
        1,
        1,
        1,
        null,
        0,
        0,
        null,
        null,
        1,
        1,
        1,
        1,
        1,
        null,
        1,
        1,
        23,
        null,
        1,
        null,
        1,
        null,
        null,
        null,
        null
      ],
      "/Users/ted/Sites/ticketee/app/models/project.rb": [
        1,
        1,
        1,
        1,
        null
      ],
      "/Users/ted/Sites/ticketee/app/controllers/tickets_controller.rb": [
        1,
        1,
        1,
        1,
        null,
        null,
        1,
        3,
        null,
        null,
        1,
        null,
        null,
        1,
        null,
        null,
        1,
        1,
        1,
        1,
        null,
        null,
        null,
        1,
        2,
        1,
        1,
        null,
        1,
        1,
        null,
        null,
        null,
        null,
        1,
        3,
        3,
        3,
        1,
        1,
        null,
        2,
        2,
        null,
        null,
        null,
        null,
        null,
        1,
        1,
        20,
        null,
        null,
        1,
        11,
        null,
        null
      ],
      "/Users/ted/Sites/ticketee/app/models/ticket.rb": [
        1,
        1,
        1,
        1,
        null,
        1,
        1,
        null
      ]
    },
    "timestamp": 1368657646
  }
}
